c:\users\22398\source\repos\ck3mod\x64\release\uic\ui_ck3mod.h
c:\users\22398\source\repos\ck3mod\x64\release\rcc\qrc_ck3mod.cpp
c:\users\22398\source\repos\ck3mod\x64\release\moc\moc_ck3mod.cpp
c:\users\22398\source\repos\ck3mod\x64\release\moc\moc_eventgeneratorwindow.cpp
c:\users\22398\source\repos\ck3mod\x64\release\moc\main.moc
c:\users\22398\source\repos\ck3mod\x64\release\ck3mod.obj
c:\users\22398\source\repos\ck3mod\x64\release\moc_ck3mod.obj
c:\users\22398\source\repos\ck3mod\x64\release\qrc_ck3mod.obj
c:\users\22398\source\repos\ck3mod\x64\release\main.obj
c:\users\22398\source\repos\ck3mod\x64\release\ck3mod.exe
c:\users\22398\source\repos\ck3mod\x64\release\ck3mod.tlog\ck3mod.write.1u.tlog
c:\users\22398\source\repos\ck3mod\x64\release\ck3mod.tlog\cl.command.1.tlog
c:\users\22398\source\repos\ck3mod\x64\release\ck3mod.tlog\cl.read.1.tlog
c:\users\22398\source\repos\ck3mod\x64\release\ck3mod.tlog\cl.write.1.tlog
c:\users\22398\source\repos\ck3mod\x64\release\ck3mod.tlog\link.command.1.tlog
c:\users\22398\source\repos\ck3mod\x64\release\ck3mod.tlog\link.read.1.tlog
c:\users\22398\source\repos\ck3mod\x64\release\ck3mod.tlog\link.write.1.tlog
c:\users\22398\source\repos\ck3mod\x64\release\ck3mod.tlog\moc.read.1u.tlog
c:\users\22398\source\repos\ck3mod\x64\release\ck3mod.tlog\moc.write.1u.tlog
c:\users\22398\source\repos\ck3mod\x64\release\ck3mod.tlog\rcc.read.1u.tlog
c:\users\22398\source\repos\ck3mod\x64\release\ck3mod.tlog\rcc.write.1u.tlog
c:\users\22398\source\repos\ck3mod\x64\release\ck3mod.tlog\uic.read.1u.tlog
c:\users\22398\source\repos\ck3mod\x64\release\ck3mod.tlog\uic.write.1u.tlog
