c:\users\22398\source\repos\ck3mod\x64\debug\uic\ui_ck3mod.h
c:\users\22398\source\repos\ck3mod\x64\debug\rcc\qrc_ck3mod.cpp
c:\users\22398\source\repos\ck3mod\x64\debug\moc\moc_ck3mod.cpp
c:\users\22398\source\repos\ck3mod\x64\debug\moc\main.moc
c:\users\22398\source\repos\ck3mod\x64\debug\vc143.pdb
c:\users\22398\source\repos\ck3mod\x64\debug\ck3mod.obj
c:\users\22398\source\repos\ck3mod\x64\debug\main.obj
c:\users\22398\source\repos\ck3mod\x64\debug\qrc_ck3mod.obj
c:\users\22398\source\repos\ck3mod\x64\debug\moc_ck3mod.obj
c:\users\22398\source\repos\ck3mod\x64\debug\ck3mod.exe
c:\users\22398\source\repos\ck3mod\x64\debug\ck3mod.ilk
c:\users\22398\source\repos\ck3mod\x64\debug\ck3mod.pdb
c:\users\22398\source\repos\ck3mod\x64\debug\ck3mod.tlog\ck3mod.write.1u.tlog
c:\users\22398\source\repos\ck3mod\x64\debug\ck3mod.tlog\cl.command.1.tlog
c:\users\22398\source\repos\ck3mod\x64\debug\ck3mod.tlog\cl.read.1.tlog
c:\users\22398\source\repos\ck3mod\x64\debug\ck3mod.tlog\cl.write.1.tlog
c:\users\22398\source\repos\ck3mod\x64\debug\ck3mod.tlog\link.command.1.tlog
c:\users\22398\source\repos\ck3mod\x64\debug\ck3mod.tlog\link.read.1.tlog
c:\users\22398\source\repos\ck3mod\x64\debug\ck3mod.tlog\link.write.1.tlog
c:\users\22398\source\repos\ck3mod\x64\debug\ck3mod.tlog\moc.read.1u.tlog
c:\users\22398\source\repos\ck3mod\x64\debug\ck3mod.tlog\moc.write.1u.tlog
c:\users\22398\source\repos\ck3mod\x64\debug\ck3mod.tlog\rcc.read.1u.tlog
c:\users\22398\source\repos\ck3mod\x64\debug\ck3mod.tlog\rcc.write.1u.tlog
c:\users\22398\source\repos\ck3mod\x64\debug\ck3mod.tlog\uic.read.1u.tlog
c:\users\22398\source\repos\ck3mod\x64\debug\ck3mod.tlog\uic.write.1u.tlog
